[2026-04-12 16:32:58.594942] INFO - Logger configurado com sucesso.
[2026-04-12 16:32:59.335142] INFO - ### Início do pipeline ###
[2026-04-12 16:32:59.466704] INFO - Iniciando etapa: Ingestão
[2026-04-12 16:32:59.561222] INFO - Ingestão do arquivo: data/data_raw/acidentes_recife_2019.csv
[2026-04-12 16:33:00.720549] INFO - Arquivo lido com sucesso.
[2026-04-12 16:33:00.725765] INFO - Finalizando etapa: Ingestão
[2026-04-12 16:33:00.750867] INFO - Iniciando etapa: Padronização
[2026-04-12 16:33:00.963668] INFO - Iniciando padronização das colunas e conversão de tipos
[2026-04-12 16:33:00.971586] INFO - Linhas recebidas: 12062
[2026-04-12 16:33:00.97878] INFO - Números de colunas: 42
[2026-04-12 16:33:01.493157] INFO - Nomes de colunas padronizados
[2026-04-12 16:33:02.289391] INFO - Tipos convertidos e textos padronizados
[2026-04-12 16:33:02.309628] INFO - Finalizando etapa: Padronização
[2026-04-12 16:33:02.318214] INFO - Iniciando etapa: Limpeza
[2026-04-12 16:33:02.535995] INFO - Iniciando limpeza global
[2026-04-12 16:33:02.541199] INFO - Linhas recebidas: 12062
[2026-04-12 16:33:02.547426] INFO - Número de colunas: 42
[2026-04-12 16:33:03.295514] INFO - Valores inválidos convertidos para NA
[2026-04-12 16:33:04.042579] INFO - NA por coluna após limpeza:
[2026-04-12 16:33:04.049648] INFO - id 0 | data 0 | hora 0 | natureza_acidente 0 | situacao 0 | bairro 0 | endereco 0 | numero 0 | detalhe_endereco_acidente 0 | complemento 0 | endereco_cruzamento 0 | numero_cruzamento 0 | referencia_cruzamento 0 | bairro_cruzamento 0 | num_semaforo 0 | sentido_via 0 | tipo 0 | descricao 0 | auto 0 | moto 0 | ciclom 0 | ciclista 0 | pedestre 0 | onibus 0 | caminhao 0 | viatura 0 | outros 0 | vitimas 0 | vitimasfatais 0 | acidente_verificado 0 | tempo_clima 0 | situacao_semaforo 0 | sinalizacao 0 | condicao_via 0 | conservacao_via 0 | ponto_controle 0 | situacao_placa 0 | velocidade_max_via 0 | mao_direcao 0 | divisao_via1 0 | divisao_via2 0 | divisao_via3 0
[2026-04-12 16:33:04.05812] INFO - Limpeza concluída
[2026-04-12 16:33:04.065008] INFO - Finalizando etapa: Limpeza
[2026-04-12 16:33:04.075408] INFO - Iniciando etapa: Validação
[2026-04-12 16:33:04.261399] INFO - Iniciando validação dos dados
[2026-04-12 16:33:04.766985] INFO - DataSet sem valores NA
[2026-04-12 16:33:04.772752] INFO - Validação concluída com sucesso
[2026-04-12 16:33:04.779397] INFO - Finalizando etapa: Validação
[2026-04-12 16:33:04.793485] INFO - Salvando dados processados
[2026-04-12 16:33:05.976125] INFO - Dados salvos com sucesso
[2026-04-12 16:33:05.985485] INFO - ### Fim do pipeline ###
